{"C:\\Users\\Ezequiel\\Desktop\\prueba\\Desafio\\desafio-dohacktech\\src\\components\\CharacterCard\\index.js": {"path":"C:\\Users\\Ezequiel\\Desktop\\prueba\\Desafio\\desafio-dohacktech\\src\\components\\CharacterCard\\index.js","statementMap":{"0":{"start":{"line":6,"column":22},"end":{"line":70,"column":2}},"1":{"start":{"line":7,"column":23},"end":{"line":7,"column":54}},"2":{"start":{"line":8,"column":23},"end":{"line":8,"column":38}},"3":{"start":{"line":10,"column":24},"end":{"line":35,"column":39}},"4":{"start":{"line":12,"column":8},"end":{"line":34,"column":11}},"5":{"start":{"line":33,"column":12},"end":{"line":33,"column":77}},"6":{"start":{"line":37,"column":26},"end":{"line":46,"column":5}},"7":{"start":{"line":48,"column":4},"end":{"line":69,"column":6}},"8":{"start":{"line":60,"column":94},"end":{"line":60,"column":119}},"9":{"start":{"line":72,"column":15},"end":{"line":115,"column":2}}},"fnMap":{"0":{"name":"(anonymous_0)","decl":{"start":{"line":6,"column":33},"end":{"line":6,"column":34}},"loc":{"start":{"line":6,"column":77},"end":{"line":70,"column":1}},"line":6},"1":{"name":"(anonymous_1)","decl":{"start":{"line":10,"column":36},"end":{"line":10,"column":37}},"loc":{"start":{"line":10,"column":42},"end":{"line":35,"column":5}},"line":10},"2":{"name":"(anonymous_2)","decl":{"start":{"line":31,"column":17},"end":{"line":31,"column":18}},"loc":{"start":{"line":31,"column":23},"end":{"line":34,"column":9}},"line":31},"3":{"name":"(anonymous_3)","decl":{"start":{"line":60,"column":89},"end":{"line":60,"column":90}},"loc":{"start":{"line":60,"column":94},"end":{"line":60,"column":119}},"line":60}},"branchMap":{"0":{"loc":{"start":{"line":63,"column":26},"end":{"line":63,"column":56}},"type":"cond-expr","locations":[{"start":{"line":63,"column":39},"end":{"line":63,"column":45}},{"start":{"line":63,"column":48},"end":{"line":63,"column":56}}],"line":63},"1":{"loc":{"start":{"line":65,"column":27},"end":{"line":65,"column":61}},"type":"cond-expr","locations":[{"start":{"line":65,"column":40},"end":{"line":65,"column":49}},{"start":{"line":65,"column":52},"end":{"line":65,"column":61}}],"line":65}},"s":{"0":2,"1":11,"2":11,"3":11,"4":1,"5":1,"6":11,"7":11,"8":2,"9":2},"f":{"0":11,"1":1,"2":1,"3":2},"b":{"0":[1,10],"1":[1,10]},"_coverageSchema":"1a1c01bbd47fc00a2c39e90264f33305004495a9","hash":"40e9f15eebb9c78f57a5d59f06d1dd734d409752"}
,"C:\\Users\\Ezequiel\\Desktop\\prueba\\Desafio\\desafio-dohacktech\\src\\components\\CharacterDetailCard\\index.js": {"path":"C:\\Users\\Ezequiel\\Desktop\\prueba\\Desafio\\desafio-dohacktech\\src\\components\\CharacterDetailCard\\index.js","statementMap":{"0":{"start":{"line":8,"column":28},"end":{"line":53,"column":1}},"1":{"start":{"line":10,"column":2},"end":{"line":12,"column":3}},"2":{"start":{"line":11,"column":4},"end":{"line":11,"column":16}},"3":{"start":{"line":14,"column":40},"end":{"line":14,"column":68}},"4":{"start":{"line":17,"column":25},"end":{"line":24,"column":25}},"5":{"start":{"line":18,"column":4},"end":{"line":23,"column":35}},"6":{"start":{"line":20,"column":22},"end":{"line":20,"column":49}},"7":{"start":{"line":21,"column":8},"end":{"line":21,"column":53}},"8":{"start":{"line":23,"column":21},"end":{"line":23,"column":33}},"9":{"start":{"line":27,"column":31},"end":{"line":29,"column":36}},"10":{"start":{"line":28,"column":4},"end":{"line":28,"column":33}},"11":{"start":{"line":31,"column":2},"end":{"line":52,"column":4}},"12":{"start":{"line":55,"column":15},"end":{"line":98,"column":2}}},"fnMap":{"0":{"name":"(anonymous_0)","decl":{"start":{"line":8,"column":28},"end":{"line":8,"column":29}},"loc":{"start":{"line":8,"column":47},"end":{"line":53,"column":1}},"line":8},"1":{"name":"(anonymous_1)","decl":{"start":{"line":17,"column":33},"end":{"line":17,"column":34}},"loc":{"start":{"line":17,"column":39},"end":{"line":24,"column":3}},"line":17},"2":{"name":"(anonymous_2)","decl":{"start":{"line":19,"column":11},"end":{"line":19,"column":12}},"loc":{"start":{"line":19,"column":18},"end":{"line":22,"column":7}},"line":19},"3":{"name":"(anonymous_3)","decl":{"start":{"line":23,"column":14},"end":{"line":23,"column":15}},"loc":{"start":{"line":23,"column":21},"end":{"line":23,"column":33}},"line":23},"4":{"name":"(anonymous_4)","decl":{"start":{"line":27,"column":43},"end":{"line":27,"column":44}},"loc":{"start":{"line":27,"column":49},"end":{"line":29,"column":3}},"line":27}},"branchMap":{"0":{"loc":{"start":{"line":10,"column":2},"end":{"line":12,"column":3}},"type":"if","locations":[{"start":{"line":10,"column":2},"end":{"line":12,"column":3}},{"start":{},"end":{}}],"line":10},"1":{"loc":{"start":{"line":21,"column":15},"end":{"line":21,"column":52}},"type":"cond-expr","locations":[{"start":{"line":21,"column":23},"end":{"line":21,"column":45}},{"start":{"line":21,"column":48},"end":{"line":21,"column":52}}],"line":21},"2":{"loc":{"start":{"line":36,"column":16},"end":{"line":36,"column":69}},"type":"cond-expr","locations":[{"start":{"line":36,"column":46},"end":{"line":36,"column":52}},{"start":{"line":36,"column":55},"end":{"line":36,"column":69}}],"line":36},"3":{"loc":{"start":{"line":38,"column":17},"end":{"line":38,"column":68}},"type":"cond-expr","locations":[{"start":{"line":38,"column":47},"end":{"line":38,"column":56}},{"start":{"line":38,"column":59},"end":{"line":38,"column":68}}],"line":38},"4":{"loc":{"start":{"line":43,"column":11},"end":{"line":43,"column":109}},"type":"binary-expr","locations":[{"start":{"line":43,"column":11},"end":{"line":43,"column":25}},{"start":{"line":43,"column":29},"end":{"line":43,"column":109}}],"line":43},"5":{"loc":{"start":{"line":44,"column":11},"end":{"line":44,"column":128}},"type":"binary-expr","locations":[{"start":{"line":44,"column":11},"end":{"line":44,"column":27}},{"start":{"line":44,"column":31},"end":{"line":44,"column":128}}],"line":44},"6":{"loc":{"start":{"line":45,"column":11},"end":{"line":45,"column":132}},"type":"binary-expr","locations":[{"start":{"line":45,"column":11},"end":{"line":45,"column":28}},{"start":{"line":45,"column":32},"end":{"line":45,"column":132}}],"line":45},"7":{"loc":{"start":{"line":46,"column":11},"end":{"line":46,"column":128}},"type":"binary-expr","locations":[{"start":{"line":46,"column":11},"end":{"line":46,"column":27}},{"start":{"line":46,"column":31},"end":{"line":46,"column":128}}],"line":46},"8":{"loc":{"start":{"line":47,"column":11},"end":{"line":47,"column":120}},"type":"binary-expr","locations":[{"start":{"line":47,"column":11},"end":{"line":47,"column":25}},{"start":{"line":47,"column":29},"end":{"line":47,"column":120}}],"line":47},"9":{"loc":{"start":{"line":48,"column":11},"end":{"line":48,"column":139}},"type":"binary-expr","locations":[{"start":{"line":48,"column":11},"end":{"line":48,"column":33}},{"start":{"line":48,"column":37},"end":{"line":48,"column":139}}],"line":48},"10":{"loc":{"start":{"line":50,"column":7},"end":{"line":50,"column":77}},"type":"binary-expr","locations":[{"start":{"line":50,"column":7},"end":{"line":50,"column":32}},{"start":{"line":50,"column":36},"end":{"line":50,"column":77}}],"line":50}},"s":{"0":1,"1":8,"2":1,"3":7,"4":7,"5":7,"6":7,"7":7,"8":7,"9":7,"10":1,"11":7,"12":1},"f":{"0":8,"1":7,"2":7,"3":7,"4":1},"b":{"0":[1,7],"1":[6,1],"2":[1,6],"3":[1,6],"4":[7,5],"5":[7,5],"6":[7,5],"7":[7,5],"8":[7,4],"9":[7,5],"10":[7,6]},"_coverageSchema":"1a1c01bbd47fc00a2c39e90264f33305004495a9","hash":"d2a1b508da6460242f8ae2fb0cef99c6dbef29f7"}
,"C:\\Users\\Ezequiel\\Desktop\\prueba\\Desafio\\desafio-dohacktech\\src\\components\\CharacterList\\index.js": {"path":"C:\\Users\\Ezequiel\\Desktop\\prueba\\Desafio\\desafio-dohacktech\\src\\components\\CharacterList\\index.js","statementMap":{"0":{"start":{"line":6,"column":22},"end":{"line":25,"column":1}},"1":{"start":{"line":7,"column":42},"end":{"line":7,"column":70}},"2":{"start":{"line":8,"column":2},"end":{"line":24,"column":4}},"3":{"start":{"line":13,"column":10},"end":{"line":17,"column":12}},"4":{"start":{"line":16,"column":36},"end":{"line":16,"column":59}},"5":{"start":{"line":19,"column":32},"end":{"line":19,"column":50}},"6":{"start":{"line":27,"column":15},"end":{"line":31,"column":2}}},"fnMap":{"0":{"name":"(anonymous_0)","decl":{"start":{"line":6,"column":22},"end":{"line":6,"column":23}},"loc":{"start":{"line":6,"column":42},"end":{"line":25,"column":1}},"line":6},"1":{"name":"(anonymous_1)","decl":{"start":{"line":12,"column":20},"end":{"line":12,"column":21}},"loc":{"start":{"line":13,"column":10},"end":{"line":17,"column":12}},"line":13},"2":{"name":"(anonymous_2)","decl":{"start":{"line":16,"column":30},"end":{"line":16,"column":31}},"loc":{"start":{"line":16,"column":36},"end":{"line":16,"column":59}},"line":16},"3":{"name":"(anonymous_3)","decl":{"start":{"line":19,"column":22},"end":{"line":19,"column":23}},"loc":{"start":{"line":19,"column":32},"end":{"line":19,"column":50}},"line":19}},"branchMap":{},"s":{"0":1,"1":2,"2":2,"3":6,"4":1,"5":8,"6":1},"f":{"0":2,"1":6,"2":1,"3":8},"b":{},"_coverageSchema":"1a1c01bbd47fc00a2c39e90264f33305004495a9","hash":"91f410f2ee1e5ac444e289ea9642876445a5d308"}
,"C:\\Users\\Ezequiel\\Desktop\\prueba\\Desafio\\desafio-dohacktech\\src\\components\\EmptyCard\\index.js": {"path":"C:\\Users\\Ezequiel\\Desktop\\prueba\\Desafio\\desafio-dohacktech\\src\\components\\EmptyCard\\index.js","statementMap":{"0":{"start":{"line":5,"column":19},"end":{"line":12,"column":1}},"1":{"start":{"line":6,"column":2},"end":{"line":11,"column":4}},"2":{"start":{"line":14,"column":15},"end":{"line":28,"column":2}}},"fnMap":{"0":{"name":"(anonymous_0)","decl":{"start":{"line":5,"column":19},"end":{"line":5,"column":20}},"loc":{"start":{"line":5,"column":82},"end":{"line":12,"column":1}},"line":5}},"branchMap":{"0":{"loc":{"start":{"line":5,"column":41},"end":{"line":5,"column":55}},"type":"default-arg","locations":[{"start":{"line":5,"column":52},"end":{"line":5,"column":55}}],"line":5},"1":{"loc":{"start":{"line":5,"column":57},"end":{"line":5,"column":75}},"type":"default-arg","locations":[{"start":{"line":5,"column":69},"end":{"line":5,"column":75}}],"line":5}},"s":{"0":1,"1":2,"2":1},"f":{"0":2},"b":{"0":[1],"1":[1]},"_coverageSchema":"1a1c01bbd47fc00a2c39e90264f33305004495a9","hash":"af9f34b0201ef8861c6f97174d39302a25243393"}
,"C:\\Users\\Ezequiel\\Desktop\\prueba\\Desafio\\desafio-dohacktech\\src\\components\\EpisodeDetail\\index.js": {"path":"C:\\Users\\Ezequiel\\Desktop\\prueba\\Desafio\\desafio-dohacktech\\src\\components\\EpisodeDetail\\index.js","statementMap":{"0":{"start":{"line":5,"column":22},"end":{"line":30,"column":1}},"1":{"start":{"line":7,"column":2},"end":{"line":9,"column":3}},"2":{"start":{"line":8,"column":4},"end":{"line":8,"column":16}},"3":{"start":{"line":10,"column":2},"end":{"line":29,"column":4}},"4":{"start":{"line":22,"column":10},"end":{"line":25,"column":17}},"5":{"start":{"line":32,"column":15},"end":{"line":74,"column":2}}},"fnMap":{"0":{"name":"(anonymous_0)","decl":{"start":{"line":5,"column":22},"end":{"line":5,"column":23}},"loc":{"start":{"line":5,"column":51},"end":{"line":30,"column":1}},"line":5},"1":{"name":"(anonymous_1)","decl":{"start":{"line":21,"column":24},"end":{"line":21,"column":25}},"loc":{"start":{"line":22,"column":10},"end":{"line":25,"column":17}},"line":22}},"branchMap":{"0":{"loc":{"start":{"line":7,"column":2},"end":{"line":9,"column":3}},"type":"if","locations":[{"start":{"line":7,"column":2},"end":{"line":9,"column":3}},{"start":{},"end":{}}],"line":7},"1":{"loc":{"start":{"line":7,"column":5},"end":{"line":7,"column":28}},"type":"binary-expr","locations":[{"start":{"line":7,"column":5},"end":{"line":7,"column":13}},{"start":{"line":7,"column":17},"end":{"line":7,"column":28}}],"line":7}},"s":{"0":1,"1":4,"2":1,"3":3,"4":6,"5":1},"f":{"0":4,"1":6},"b":{"0":[1,3],"1":[4,3]},"_coverageSchema":"1a1c01bbd47fc00a2c39e90264f33305004495a9","hash":"4c7502e0680350abdfb084ad7bae8c81d75babcf"}
,"C:\\Users\\Ezequiel\\Desktop\\prueba\\Desafio\\desafio-dohacktech\\src\\components\\EpisodeList\\index.js": {"path":"C:\\Users\\Ezequiel\\Desktop\\prueba\\Desafio\\desafio-dohacktech\\src\\components\\EpisodeList\\index.js","statementMap":{"0":{"start":{"line":5,"column":20},"end":{"line":26,"column":2}},"1":{"start":{"line":7,"column":28},"end":{"line":9,"column":3}},"2":{"start":{"line":8,"column":4},"end":{"line":8,"column":31}},"3":{"start":{"line":11,"column":2},"end":{"line":25,"column":4}},"4":{"start":{"line":17,"column":30},"end":{"line":17,"column":34}},"5":{"start":{"line":28,"column":15},"end":{"line":45,"column":2}}},"fnMap":{"0":{"name":"(anonymous_0)","decl":{"start":{"line":5,"column":31},"end":{"line":5,"column":32}},"loc":{"start":{"line":5,"column":49},"end":{"line":26,"column":1}},"line":5},"1":{"name":"(anonymous_1)","decl":{"start":{"line":7,"column":28},"end":{"line":7,"column":29}},"loc":{"start":{"line":8,"column":4},"end":{"line":8,"column":31}},"line":8},"2":{"name":"(anonymous_2)","decl":{"start":{"line":17,"column":22},"end":{"line":17,"column":23}},"loc":{"start":{"line":17,"column":30},"end":{"line":17,"column":34}},"line":17}},"branchMap":{},"s":{"0":1,"1":6,"2":6,"3":6,"4":12,"5":1},"f":{"0":6,"1":6,"2":12},"b":{},"_coverageSchema":"1a1c01bbd47fc00a2c39e90264f33305004495a9","hash":"488c57f644a11a9c44cf4f95b0ef6a860e2ce375"}
,"C:\\Users\\Ezequiel\\Desktop\\prueba\\Desafio\\desafio-dohacktech\\src\\components\\EpisodePill\\index.js": {"path":"C:\\Users\\Ezequiel\\Desktop\\prueba\\Desafio\\desafio-dohacktech\\src\\components\\EpisodePill\\index.js","statementMap":{"0":{"start":{"line":5,"column":20},"end":{"line":16,"column":2}},"1":{"start":{"line":6,"column":21},"end":{"line":6,"column":36}},"2":{"start":{"line":8,"column":29},"end":{"line":10,"column":3}},"3":{"start":{"line":9,"column":2},"end":{"line":9,"column":54}},"4":{"start":{"line":11,"column":2},"end":{"line":15,"column":4}},"5":{"start":{"line":12,"column":64},"end":{"line":12,"column":88}},"6":{"start":{"line":18,"column":15},"end":{"line":30,"column":2}}},"fnMap":{"0":{"name":"(anonymous_0)","decl":{"start":{"line":5,"column":25},"end":{"line":5,"column":26}},"loc":{"start":{"line":5,"column":39},"end":{"line":16,"column":1}},"line":5},"1":{"name":"(anonymous_1)","decl":{"start":{"line":8,"column":29},"end":{"line":8,"column":30}},"loc":{"start":{"line":8,"column":44},"end":{"line":10,"column":3}},"line":8},"2":{"name":"(anonymous_2)","decl":{"start":{"line":12,"column":58},"end":{"line":12,"column":59}},"loc":{"start":{"line":12,"column":64},"end":{"line":12,"column":88}},"line":12}},"branchMap":{},"s":{"0":2,"1":8,"2":8,"3":1,"4":8,"5":1,"6":2},"f":{"0":8,"1":1,"2":1},"b":{},"_coverageSchema":"1a1c01bbd47fc00a2c39e90264f33305004495a9","hash":"d9558d5ce72a7e8c3990e588e5a3e7e5d25210dd"}
,"C:\\Users\\Ezequiel\\Desktop\\prueba\\Desafio\\desafio-dohacktech\\src\\components\\Pagination\\index.js": {"path":"C:\\Users\\Ezequiel\\Desktop\\prueba\\Desafio\\desafio-dohacktech\\src\\components\\Pagination\\index.js","statementMap":{"0":{"start":{"line":4,"column":19},"end":{"line":79,"column":1}},"1":{"start":{"line":15,"column":27},"end":{"line":76,"column":3}},"2":{"start":{"line":17,"column":18},"end":{"line":17,"column":19}},"3":{"start":{"line":18,"column":20},"end":{"line":18,"column":61}},"4":{"start":{"line":19,"column":18},"end":{"line":19,"column":68}},"5":{"start":{"line":21,"column":4},"end":{"line":23,"column":5}},"6":{"start":{"line":22,"column":6},"end":{"line":22,"column":51}},"7":{"start":{"line":25,"column":4},"end":{"line":75,"column":6}},"8":{"start":{"line":28,"column":43},"end":{"line":28,"column":69}},"9":{"start":{"line":34,"column":65},"end":{"line":34,"column":84}},"10":{"start":{"line":40,"column":67},"end":{"line":40,"column":80}},"11":{"start":{"line":41,"column":10},"end":{"line":59,"column":17}},"12":{"start":{"line":43,"column":29},"end":{"line":43,"column":46}},"13":{"start":{"line":64,"column":63},"end":{"line":64,"column":91}},"14":{"start":{"line":70,"column":43},"end":{"line":70,"column":69}},"15":{"start":{"line":78,"column":2},"end":{"line":78,"column":28}},"16":{"start":{"line":81,"column":15},"end":{"line":104,"column":2}}},"fnMap":{"0":{"name":"(anonymous_0)","decl":{"start":{"line":4,"column":19},"end":{"line":4,"column":20}},"loc":{"start":{"line":14,"column":6},"end":{"line":79,"column":1}},"line":14},"1":{"name":"(anonymous_1)","decl":{"start":{"line":15,"column":27},"end":{"line":15,"column":28}},"loc":{"start":{"line":15,"column":33},"end":{"line":76,"column":3}},"line":15},"2":{"name":"(anonymous_2)","decl":{"start":{"line":28,"column":37},"end":{"line":28,"column":38}},"loc":{"start":{"line":28,"column":43},"end":{"line":28,"column":69}},"line":28},"3":{"name":"(anonymous_3)","decl":{"start":{"line":34,"column":59},"end":{"line":34,"column":60}},"loc":{"start":{"line":34,"column":65},"end":{"line":34,"column":84}},"line":34},"4":{"name":"(anonymous_4)","decl":{"start":{"line":40,"column":57},"end":{"line":40,"column":58}},"loc":{"start":{"line":40,"column":67},"end":{"line":40,"column":80}},"line":40},"5":{"name":"(anonymous_5)","decl":{"start":{"line":40,"column":86},"end":{"line":40,"column":87}},"loc":{"start":{"line":41,"column":10},"end":{"line":59,"column":17}},"line":41},"6":{"name":"(anonymous_6)","decl":{"start":{"line":43,"column":23},"end":{"line":43,"column":24}},"loc":{"start":{"line":43,"column":29},"end":{"line":43,"column":46}},"line":43},"7":{"name":"(anonymous_7)","decl":{"start":{"line":64,"column":57},"end":{"line":64,"column":58}},"loc":{"start":{"line":64,"column":63},"end":{"line":64,"column":91}},"line":64},"8":{"name":"(anonymous_8)","decl":{"start":{"line":70,"column":37},"end":{"line":70,"column":38}},"loc":{"start":{"line":70,"column":43},"end":{"line":70,"column":69}},"line":70}},"branchMap":{"0":{"loc":{"start":{"line":21,"column":4},"end":{"line":23,"column":5}},"type":"if","locations":[{"start":{"line":21,"column":4},"end":{"line":23,"column":5}},{"start":{},"end":{}}],"line":21},"1":{"loc":{"start":{"line":21,"column":8},"end":{"line":21,"column":63}},"type":"binary-expr","locations":[{"start":{"line":21,"column":8},"end":{"line":21,"column":39}},{"start":{"line":21,"column":43},"end":{"line":21,"column":63}}],"line":21},"2":{"loc":{"start":{"line":27,"column":9},"end":{"line":31,"column":9}},"type":"binary-expr","locations":[{"start":{"line":27,"column":9},"end":{"line":27,"column":17}},{"start":{"line":28,"column":10},"end":{"line":30,"column":29}}],"line":27},"3":{"loc":{"start":{"line":32,"column":9},"end":{"line":39,"column":9}},"type":"binary-expr","locations":[{"start":{"line":32,"column":9},"end":{"line":32,"column":22}},{"start":{"line":33,"column":10},"end":{"line":38,"column":13}}],"line":32},"4":{"loc":{"start":{"line":37,"column":13},"end":{"line":37,"column":76}},"type":"binary-expr","locations":[{"start":{"line":37,"column":13},"end":{"line":37,"column":26}},{"start":{"line":37,"column":30},"end":{"line":37,"column":76}}],"line":37},"5":{"loc":{"start":{"line":46,"column":15},"end":{"line":57,"column":15}},"type":"cond-expr","locations":[{"start":{"line":47,"column":16},"end":{"line":54,"column":18}},{"start":{"line":56,"column":16},"end":{"line":56,"column":62}}],"line":46},"6":{"loc":{"start":{"line":61,"column":9},"end":{"line":68,"column":9}},"type":"binary-expr","locations":[{"start":{"line":61,"column":9},"end":{"line":61,"column":29}},{"start":{"line":62,"column":10},"end":{"line":67,"column":13}}],"line":61},"7":{"loc":{"start":{"line":63,"column":13},"end":{"line":63,"column":87}},"type":"binary-expr","locations":[{"start":{"line":63,"column":13},"end":{"line":63,"column":37}},{"start":{"line":63,"column":41},"end":{"line":63,"column":87}}],"line":63},"8":{"loc":{"start":{"line":69,"column":9},"end":{"line":73,"column":9}},"type":"binary-expr","locations":[{"start":{"line":69,"column":9},"end":{"line":69,"column":26}},{"start":{"line":70,"column":10},"end":{"line":72,"column":29}}],"line":69}},"s":{"0":1,"1":9,"2":9,"3":9,"4":9,"5":9,"6":5,"7":9,"8":1,"9":1,"10":22,"11":22,"12":1,"13":1,"14":1,"15":9,"16":1},"f":{"0":9,"1":9,"2":1,"3":1,"4":22,"5":22,"6":1,"7":1,"8":1},"b":{"0":[5,4],"1":[9,5],"2":[9,4],"3":[9,3],"4":[3,1],"5":[3,19],"6":[9,8],"7":[8,6],"8":[9,9]},"_coverageSchema":"1a1c01bbd47fc00a2c39e90264f33305004495a9","hash":"11457f3b3dd746ffa42a10634191975ef184ddd6"}
,"C:\\Users\\Ezequiel\\Desktop\\prueba\\Desafio\\desafio-dohacktech\\src\\components\\SearchBar\\index.js": {"path":"C:\\Users\\Ezequiel\\Desktop\\prueba\\Desafio\\desafio-dohacktech\\src\\components\\SearchBar\\index.js","statementMap":{"0":{"start":{"line":8,"column":18},"end":{"line":134,"column":2}},"1":{"start":{"line":9,"column":42},"end":{"line":9,"column":57}},"2":{"start":{"line":10,"column":32},"end":{"line":10,"column":69}},"3":{"start":{"line":11,"column":44},"end":{"line":11,"column":81}},"4":{"start":{"line":12,"column":18},"end":{"line":12,"column":55}},"5":{"start":{"line":13,"column":21},"end":{"line":13,"column":36}},"6":{"start":{"line":17,"column":2},"end":{"line":23,"column":9}},"7":{"start":{"line":18,"column":30},"end":{"line":21,"column":5}},"8":{"start":{"line":19,"column":22},"end":{"line":19,"column":46}},"9":{"start":{"line":20,"column":6},"end":{"line":20,"column":32}},"10":{"start":{"line":22,"column":4},"end":{"line":22,"column":24}},"11":{"start":{"line":27,"column":30},"end":{"line":29,"column":18}},"12":{"start":{"line":28,"column":4},"end":{"line":28,"column":37}},"13":{"start":{"line":33,"column":23},"end":{"line":36,"column":32}},"14":{"start":{"line":34,"column":4},"end":{"line":34,"column":36}},"15":{"start":{"line":35,"column":4},"end":{"line":35,"column":18}},"16":{"start":{"line":40,"column":23},"end":{"line":43,"column":23}},"17":{"start":{"line":41,"column":4},"end":{"line":41,"column":44}},"18":{"start":{"line":42,"column":4},"end":{"line":42,"column":49}},"19":{"start":{"line":47,"column":22},"end":{"line":62,"column":29}},"20":{"start":{"line":48,"column":4},"end":{"line":61,"column":5}},"21":{"start":{"line":49,"column":6},"end":{"line":53,"column":45}},"22":{"start":{"line":53,"column":21},"end":{"line":53,"column":43}},"23":{"start":{"line":55,"column":6},"end":{"line":55,"column":28}},"24":{"start":{"line":56,"column":6},"end":{"line":60,"column":17}},"25":{"start":{"line":64,"column":23},"end":{"line":66,"column":3}},"26":{"start":{"line":65,"column":4},"end":{"line":65,"column":73}},"27":{"start":{"line":68,"column":30},"end":{"line":70,"column":3}},"28":{"start":{"line":69,"column":4},"end":{"line":69,"column":18}},"29":{"start":{"line":72,"column":2},"end":{"line":133,"column":4}},"30":{"start":{"line":102,"column":46},"end":{"line":102,"column":92}},"31":{"start":{"line":106,"column":18},"end":{"line":106,"column":76}},"32":{"start":{"line":113,"column":46},"end":{"line":113,"column":91}},"33":{"start":{"line":117,"column":18},"end":{"line":117,"column":76}},"34":{"start":{"line":136,"column":15},"end":{"line":224,"column":2}}},"fnMap":{"0":{"name":"(anonymous_0)","decl":{"start":{"line":8,"column":29},"end":{"line":8,"column":30}},"loc":{"start":{"line":8,"column":83},"end":{"line":134,"column":1}},"line":8},"1":{"name":"(anonymous_1)","decl":{"start":{"line":17,"column":12},"end":{"line":17,"column":13}},"loc":{"start":{"line":17,"column":18},"end":{"line":23,"column":3}},"line":17},"2":{"name":"(anonymous_2)","decl":{"start":{"line":18,"column":30},"end":{"line":18,"column":31}},"loc":{"start":{"line":18,"column":42},"end":{"line":21,"column":5}},"line":18},"3":{"name":"(anonymous_3)","decl":{"start":{"line":27,"column":42},"end":{"line":27,"column":43}},"loc":{"start":{"line":27,"column":48},"end":{"line":29,"column":3}},"line":27},"4":{"name":"(anonymous_4)","decl":{"start":{"line":33,"column":35},"end":{"line":33,"column":36}},"loc":{"start":{"line":33,"column":41},"end":{"line":36,"column":3}},"line":33},"5":{"name":"(anonymous_5)","decl":{"start":{"line":40,"column":35},"end":{"line":40,"column":36}},"loc":{"start":{"line":40,"column":41},"end":{"line":43,"column":3}},"line":40},"6":{"name":"(anonymous_6)","decl":{"start":{"line":47,"column":34},"end":{"line":47,"column":35}},"loc":{"start":{"line":47,"column":40},"end":{"line":62,"column":3}},"line":47},"7":{"name":"(anonymous_7)","decl":{"start":{"line":53,"column":15},"end":{"line":53,"column":16}},"loc":{"start":{"line":53,"column":21},"end":{"line":53,"column":43}},"line":53},"8":{"name":"(anonymous_8)","decl":{"start":{"line":64,"column":23},"end":{"line":64,"column":24}},"loc":{"start":{"line":64,"column":39},"end":{"line":66,"column":3}},"line":64},"9":{"name":"(anonymous_9)","decl":{"start":{"line":68,"column":30},"end":{"line":68,"column":31}},"loc":{"start":{"line":68,"column":36},"end":{"line":70,"column":3}},"line":68},"10":{"name":"(anonymous_10)","decl":{"start":{"line":102,"column":31},"end":{"line":102,"column":32}},"loc":{"start":{"line":102,"column":46},"end":{"line":102,"column":92}},"line":102},"11":{"name":"(anonymous_11)","decl":{"start":{"line":105,"column":43},"end":{"line":105,"column":44}},"loc":{"start":{"line":106,"column":18},"end":{"line":106,"column":76}},"line":106},"12":{"name":"(anonymous_12)","decl":{"start":{"line":113,"column":31},"end":{"line":113,"column":32}},"loc":{"start":{"line":113,"column":46},"end":{"line":113,"column":91}},"line":113},"13":{"name":"(anonymous_13)","decl":{"start":{"line":116,"column":42},"end":{"line":116,"column":43}},"loc":{"start":{"line":117,"column":18},"end":{"line":117,"column":76}},"line":117}},"branchMap":{"0":{"loc":{"start":{"line":48,"column":4},"end":{"line":61,"column":5}},"type":"if","locations":[{"start":{"line":48,"column":4},"end":{"line":61,"column":5}},{"start":{"line":54,"column":11},"end":{"line":61,"column":5}}],"line":48},"1":{"loc":{"start":{"line":65,"column":11},"end":{"line":65,"column":72}},"type":"cond-expr","locations":[{"start":{"line":65,"column":33},"end":{"line":65,"column":50}},{"start":{"line":65,"column":53},"end":{"line":65,"column":72}}],"line":65},"2":{"loc":{"start":{"line":95,"column":105},"end":{"line":95,"column":129}},"type":"binary-expr","locations":[{"start":{"line":95,"column":105},"end":{"line":95,"column":120}},{"start":{"line":95,"column":124},"end":{"line":95,"column":129}}],"line":95},"3":{"loc":{"start":{"line":96,"column":102},"end":{"line":96,"column":125}},"type":"binary-expr","locations":[{"start":{"line":96,"column":102},"end":{"line":96,"column":116}},{"start":{"line":96,"column":120},"end":{"line":96,"column":125}}],"line":96}},"s":{"0":1,"1":20,"2":20,"3":20,"4":20,"5":20,"6":20,"7":9,"8":9,"9":0,"10":9,"11":20,"12":1,"13":20,"14":1,"15":1,"16":20,"17":1,"18":1,"19":20,"20":9,"21":1,"22":1,"23":8,"24":8,"25":20,"26":40,"27":20,"28":1,"29":20,"30":1,"31":0,"32":1,"33":0,"34":1},"f":{"0":20,"1":9,"2":9,"3":1,"4":1,"5":1,"6":9,"7":1,"8":40,"9":1,"10":1,"11":0,"12":1,"13":0},"b":{"0":[1,8],"1":[2,38],"2":[20,19],"3":[20,19]},"_coverageSchema":"1a1c01bbd47fc00a2c39e90264f33305004495a9","hash":"079fec1b4b56f49e7dae9868801481530f80df31"}
,"C:\\Users\\Ezequiel\\Desktop\\prueba\\Desafio\\desafio-dohacktech\\src\\components\\TyperwriterText\\index.js": {"path":"C:\\Users\\Ezequiel\\Desktop\\prueba\\Desafio\\desafio-dohacktech\\src\\components\\TyperwriterText\\index.js","statementMap":{"0":{"start":{"line":5,"column":23},"end":{"line":40,"column":1}},"1":{"start":{"line":6,"column":44},"end":{"line":6,"column":56}},"2":{"start":{"line":7,"column":21},"end":{"line":7,"column":52}},"3":{"start":{"line":11,"column":2},"end":{"line":23,"column":23}},"4":{"start":{"line":12,"column":23},"end":{"line":12,"column":24}},"5":{"start":{"line":13,"column":21},"end":{"line":20,"column":16}},"6":{"start":{"line":14,"column":6},"end":{"line":14,"column":60}},"7":{"start":{"line":14,"column":33},"end":{"line":14,"column":58}},"8":{"start":{"line":15,"column":6},"end":{"line":15,"column":24}},"9":{"start":{"line":17,"column":6},"end":{"line":19,"column":7}},"10":{"start":{"line":18,"column":8},"end":{"line":18,"column":32}},"11":{"start":{"line":22,"column":4},"end":{"line":22,"column":41}},"12":{"start":{"line":22,"column":17},"end":{"line":22,"column":40}},"13":{"start":{"line":27,"column":2},"end":{"line":33,"column":40}},"14":{"start":{"line":28,"column":4},"end":{"line":32,"column":15}},"15":{"start":{"line":35,"column":2},"end":{"line":39,"column":4}}},"fnMap":{"0":{"name":"(anonymous_0)","decl":{"start":{"line":5,"column":23},"end":{"line":5,"column":24}},"loc":{"start":{"line":5,"column":68},"end":{"line":40,"column":1}},"line":5},"1":{"name":"(anonymous_1)","decl":{"start":{"line":11,"column":12},"end":{"line":11,"column":13}},"loc":{"start":{"line":11,"column":18},"end":{"line":23,"column":3}},"line":11},"2":{"name":"(anonymous_2)","decl":{"start":{"line":13,"column":33},"end":{"line":13,"column":34}},"loc":{"start":{"line":13,"column":39},"end":{"line":20,"column":5}},"line":13},"3":{"name":"(anonymous_3)","decl":{"start":{"line":14,"column":23},"end":{"line":14,"column":24}},"loc":{"start":{"line":14,"column":33},"end":{"line":14,"column":58}},"line":14},"4":{"name":"(anonymous_4)","decl":{"start":{"line":22,"column":11},"end":{"line":22,"column":12}},"loc":{"start":{"line":22,"column":17},"end":{"line":22,"column":40}},"line":22},"5":{"name":"(anonymous_5)","decl":{"start":{"line":27,"column":12},"end":{"line":27,"column":13}},"loc":{"start":{"line":27,"column":18},"end":{"line":33,"column":3}},"line":27}},"branchMap":{"0":{"loc":{"start":{"line":5,"column":40},"end":{"line":5,"column":54}},"type":"default-arg","locations":[{"start":{"line":5,"column":51},"end":{"line":5,"column":54}}],"line":5},"1":{"loc":{"start":{"line":17,"column":6},"end":{"line":19,"column":7}},"type":"if","locations":[{"start":{"line":17,"column":6},"end":{"line":19,"column":7}},{"start":{},"end":{}}],"line":17}},"s":{"0":3,"1":158,"2":158,"3":158,"4":36,"5":36,"6":122,"7":122,"8":122,"9":122,"10":7,"11":36,"12":36,"13":158,"14":36,"15":158},"f":{"0":158,"1":36,"2":122,"3":122,"4":36,"5":36},"b":{"0":[152],"1":[7,115]},"_coverageSchema":"1a1c01bbd47fc00a2c39e90264f33305004495a9","hash":"eed24eac68fa2fb0e3d54bb93b1c19d0ffbda6a6"}
,"C:\\Users\\Ezequiel\\Desktop\\prueba\\Desafio\\desafio-dohacktech\\src\\contexts\\FavoritesContext.js": {"path":"C:\\Users\\Ezequiel\\Desktop\\prueba\\Desafio\\desafio-dohacktech\\src\\contexts\\FavoritesContext.js","statementMap":{"0":{"start":{"line":4,"column":32},"end":{"line":4,"column":47}},"1":{"start":{"line":6,"column":33},"end":{"line":53,"column":1}},"2":{"start":{"line":7,"column":36},"end":{"line":7,"column":55}},"3":{"start":{"line":9,"column":2},"end":{"line":22,"column":9}},"4":{"start":{"line":10,"column":26},"end":{"line":19,"column":5}},"5":{"start":{"line":11,"column":6},"end":{"line":18,"column":7}},"6":{"start":{"line":12,"column":32},"end":{"line":12,"column":71}},"7":{"start":{"line":13,"column":8},"end":{"line":15,"column":9}},"8":{"start":{"line":14,"column":10},"end":{"line":14,"column":61}},"9":{"start":{"line":17,"column":8},"end":{"line":17,"column":75}},"10":{"start":{"line":21,"column":4},"end":{"line":21,"column":20}},"11":{"start":{"line":24,"column":2},"end":{"line":34,"column":18}},"12":{"start":{"line":25,"column":26},"end":{"line":31,"column":5}},"13":{"start":{"line":26,"column":6},"end":{"line":30,"column":7}},"14":{"start":{"line":27,"column":8},"end":{"line":27,"column":80}},"15":{"start":{"line":29,"column":8},"end":{"line":29,"column":73}},"16":{"start":{"line":33,"column":4},"end":{"line":33,"column":20}},"17":{"start":{"line":36,"column":25},"end":{"line":46,"column":8}},"18":{"start":{"line":37,"column":4},"end":{"line":45,"column":7}},"19":{"start":{"line":38,"column":27},"end":{"line":38,"column":49}},"20":{"start":{"line":39,"column":6},"end":{"line":43,"column":7}},"21":{"start":{"line":40,"column":8},"end":{"line":40,"column":41}},"22":{"start":{"line":42,"column":8},"end":{"line":42,"column":38}},"23":{"start":{"line":44,"column":6},"end":{"line":44,"column":26}},"24":{"start":{"line":48,"column":2},"end":{"line":52,"column":4}}},"fnMap":{"0":{"name":"(anonymous_0)","decl":{"start":{"line":6,"column":33},"end":{"line":6,"column":34}},"loc":{"start":{"line":6,"column":51},"end":{"line":53,"column":1}},"line":6},"1":{"name":"(anonymous_1)","decl":{"start":{"line":9,"column":12},"end":{"line":9,"column":13}},"loc":{"start":{"line":9,"column":18},"end":{"line":22,"column":3}},"line":9},"2":{"name":"(anonymous_2)","decl":{"start":{"line":10,"column":26},"end":{"line":10,"column":27}},"loc":{"start":{"line":10,"column":38},"end":{"line":19,"column":5}},"line":10},"3":{"name":"(anonymous_3)","decl":{"start":{"line":24,"column":12},"end":{"line":24,"column":13}},"loc":{"start":{"line":24,"column":18},"end":{"line":34,"column":3}},"line":24},"4":{"name":"(anonymous_4)","decl":{"start":{"line":25,"column":26},"end":{"line":25,"column":27}},"loc":{"start":{"line":25,"column":38},"end":{"line":31,"column":5}},"line":25},"5":{"name":"(anonymous_5)","decl":{"start":{"line":36,"column":37},"end":{"line":36,"column":38}},"loc":{"start":{"line":36,"column":54},"end":{"line":46,"column":3}},"line":36},"6":{"name":"(anonymous_6)","decl":{"start":{"line":37,"column":17},"end":{"line":37,"column":18}},"loc":{"start":{"line":37,"column":36},"end":{"line":45,"column":5}},"line":37}},"branchMap":{"0":{"loc":{"start":{"line":13,"column":8},"end":{"line":15,"column":9}},"type":"if","locations":[{"start":{"line":13,"column":8},"end":{"line":15,"column":9}},{"start":{},"end":{}}],"line":13},"1":{"loc":{"start":{"line":39,"column":6},"end":{"line":43,"column":7}},"type":"if","locations":[{"start":{"line":39,"column":6},"end":{"line":43,"column":7}},{"start":{"line":41,"column":13},"end":{"line":43,"column":7}}],"line":39}},"s":{"0":2,"1":2,"2":0,"3":0,"4":0,"5":0,"6":0,"7":0,"8":0,"9":0,"10":0,"11":0,"12":0,"13":0,"14":0,"15":0,"16":0,"17":0,"18":0,"19":0,"20":0,"21":0,"22":0,"23":0,"24":0},"f":{"0":0,"1":0,"2":0,"3":0,"4":0,"5":0,"6":0},"b":{"0":[0,0],"1":[0,0]},"_coverageSchema":"1a1c01bbd47fc00a2c39e90264f33305004495a9","hash":"c9c419aa652e0309cc98dd7beceece17f2724461"}
,"C:\\Users\\Ezequiel\\Desktop\\prueba\\Desafio\\desafio-dohacktech\\src\\contexts\\LoadingContext.js": {"path":"C:\\Users\\Ezequiel\\Desktop\\prueba\\Desafio\\desafio-dohacktech\\src\\contexts\\LoadingContext.js","statementMap":{"0":{"start":{"line":4,"column":23},"end":{"line":4,"column":38}},"1":{"start":{"line":6,"column":31},"end":{"line":15,"column":1}},"2":{"start":{"line":7,"column":30},"end":{"line":7,"column":45}},"3":{"start":{"line":9,"column":2},"end":{"line":14,"column":4}},"4":{"start":{"line":17,"column":26},"end":{"line":17,"column":58}},"5":{"start":{"line":17,"column":32},"end":{"line":17,"column":58}},"6":{"start":{"line":20,"column":25},"end":{"line":57,"column":1}},"7":{"start":{"line":21,"column":21},"end":{"line":21,"column":60}},"8":{"start":{"line":23,"column":2},"end":{"line":42,"column":19}},"9":{"start":{"line":24,"column":20},"end":{"line":39,"column":5}},"10":{"start":{"line":25,"column":6},"end":{"line":38,"column":16}},"11":{"start":{"line":41,"column":4},"end":{"line":41,"column":14}},"12":{"start":{"line":44,"column":2},"end":{"line":56,"column":4}},"13":{"start":{"line":59,"column":15},"end":{"line":70,"column":2}}},"fnMap":{"0":{"name":"(anonymous_0)","decl":{"start":{"line":6,"column":31},"end":{"line":6,"column":32}},"loc":{"start":{"line":6,"column":49},"end":{"line":15,"column":1}},"line":6},"1":{"name":"(anonymous_1)","decl":{"start":{"line":17,"column":26},"end":{"line":17,"column":27}},"loc":{"start":{"line":17,"column":32},"end":{"line":17,"column":58}},"line":17},"2":{"name":"(anonymous_2)","decl":{"start":{"line":20,"column":25},"end":{"line":20,"column":26}},"loc":{"start":{"line":20,"column":31},"end":{"line":57,"column":1}},"line":20},"3":{"name":"(anonymous_3)","decl":{"start":{"line":23,"column":12},"end":{"line":23,"column":13}},"loc":{"start":{"line":23,"column":18},"end":{"line":42,"column":3}},"line":23},"4":{"name":"(anonymous_4)","decl":{"start":{"line":24,"column":20},"end":{"line":24,"column":21}},"loc":{"start":{"line":24,"column":26},"end":{"line":39,"column":5}},"line":24}},"branchMap":{"0":{"loc":{"start":{"line":12,"column":7},"end":{"line":12,"column":37}},"type":"binary-expr","locations":[{"start":{"line":12,"column":7},"end":{"line":12,"column":13}},{"start":{"line":12,"column":17},"end":{"line":12,"column":37}}],"line":12}},"s":{"0":0,"1":0,"2":0,"3":0,"4":0,"5":0,"6":0,"7":0,"8":0,"9":0,"10":0,"11":0,"12":0,"13":0},"f":{"0":0,"1":0,"2":0,"3":0,"4":0},"b":{"0":[0,0]}}
,"C:\\Users\\Ezequiel\\Desktop\\prueba\\Desafio\\desafio-dohacktech\\src\\helpers\\animations.js": {"path":"C:\\Users\\Ezequiel\\Desktop\\prueba\\Desafio\\desafio-dohacktech\\src\\helpers\\animations.js","statementMap":{"0":{"start":{"line":5,"column":28},"end":{"line":14,"column":1}},"1":{"start":{"line":6,"column":2},"end":{"line":6,"column":68}},"2":{"start":{"line":8,"column":2},"end":{"line":13,"column":39}},"3":{"start":{"line":13,"column":17},"end":{"line":13,"column":37}},"4":{"start":{"line":17,"column":34},"end":{"line":55,"column":1}},"5":{"start":{"line":18,"column":44},"end":{"line":18,"column":56}},"6":{"start":{"line":19,"column":18},"end":{"line":19,"column":30}},"7":{"start":{"line":20,"column":19},"end":{"line":20,"column":28}},"8":{"start":{"line":21,"column":27},"end":{"line":21,"column":39}},"9":{"start":{"line":23,"column":2},"end":{"line":27,"column":13}},"10":{"start":{"line":24,"column":4},"end":{"line":24,"column":27}},"11":{"start":{"line":25,"column":4},"end":{"line":25,"column":25}},"12":{"start":{"line":26,"column":4},"end":{"line":26,"column":25}},"13":{"start":{"line":29,"column":2},"end":{"line":52,"column":14}},"14":{"start":{"line":30,"column":20},"end":{"line":43,"column":5}},"15":{"start":{"line":31,"column":19},"end":{"line":31,"column":34}},"16":{"start":{"line":32,"column":20},"end":{"line":32,"column":36}},"17":{"start":{"line":34,"column":6},"end":{"line":42,"column":7}},"18":{"start":{"line":35,"column":8},"end":{"line":35,"column":53}},"19":{"start":{"line":35,"column":33},"end":{"line":35,"column":51}},"20":{"start":{"line":36,"column":8},"end":{"line":36,"column":37}},"21":{"start":{"line":37,"column":8},"end":{"line":41,"column":11}},"22":{"start":{"line":38,"column":10},"end":{"line":40,"column":20}},"23":{"start":{"line":39,"column":12},"end":{"line":39,"column":22}},"24":{"start":{"line":45,"column":4},"end":{"line":45,"column":14}},"25":{"start":{"line":47,"column":4},"end":{"line":51,"column":6}},"26":{"start":{"line":48,"column":6},"end":{"line":50,"column":7}},"27":{"start":{"line":49,"column":8},"end":{"line":49,"column":55}},"28":{"start":{"line":54,"column":2},"end":{"line":54,"column":23}}},"fnMap":{"0":{"name":"(anonymous_0)","decl":{"start":{"line":5,"column":28},"end":{"line":5,"column":29}},"loc":{"start":{"line":5,"column":63},"end":{"line":14,"column":1}},"line":5},"1":{"name":"(anonymous_1)","decl":{"start":{"line":13,"column":11},"end":{"line":13,"column":12}},"loc":{"start":{"line":13,"column":17},"end":{"line":13,"column":37}},"line":13},"2":{"name":"(anonymous_2)","decl":{"start":{"line":17,"column":34},"end":{"line":17,"column":35}},"loc":{"start":{"line":17,"column":55},"end":{"line":55,"column":1}},"line":17},"3":{"name":"(anonymous_3)","decl":{"start":{"line":23,"column":12},"end":{"line":23,"column":13}},"loc":{"start":{"line":23,"column":18},"end":{"line":27,"column":3}},"line":23},"4":{"name":"(anonymous_4)","decl":{"start":{"line":29,"column":12},"end":{"line":29,"column":13}},"loc":{"start":{"line":29,"column":18},"end":{"line":52,"column":3}},"line":29},"5":{"name":"(anonymous_5)","decl":{"start":{"line":30,"column":20},"end":{"line":30,"column":21}},"loc":{"start":{"line":30,"column":26},"end":{"line":43,"column":5}},"line":30},"6":{"name":"(anonymous_6)","decl":{"start":{"line":35,"column":25},"end":{"line":35,"column":26}},"loc":{"start":{"line":35,"column":33},"end":{"line":35,"column":51}},"line":35},"7":{"name":"(anonymous_7)","decl":{"start":{"line":37,"column":57},"end":{"line":37,"column":58}},"loc":{"start":{"line":37,"column":63},"end":{"line":41,"column":9}},"line":37},"8":{"name":"(anonymous_8)","decl":{"start":{"line":38,"column":21},"end":{"line":38,"column":22}},"loc":{"start":{"line":38,"column":27},"end":{"line":40,"column":11}},"line":38},"9":{"name":"(anonymous_9)","decl":{"start":{"line":47,"column":11},"end":{"line":47,"column":12}},"loc":{"start":{"line":47,"column":17},"end":{"line":51,"column":5}},"line":47}},"branchMap":{"0":{"loc":{"start":{"line":17,"column":41},"end":{"line":17,"column":50}},"type":"default-arg","locations":[{"start":{"line":17,"column":49},"end":{"line":17,"column":50}}],"line":17},"1":{"loc":{"start":{"line":34,"column":6},"end":{"line":42,"column":7}},"type":"if","locations":[{"start":{"line":34,"column":6},"end":{"line":42,"column":7}},{"start":{},"end":{}}],"line":34},"2":{"loc":{"start":{"line":48,"column":6},"end":{"line":50,"column":7}},"type":"if","locations":[{"start":{"line":48,"column":6},"end":{"line":50,"column":7}},{"start":{},"end":{}}],"line":48}},"s":{"0":0,"1":0,"2":0,"3":0,"4":0,"5":0,"6":0,"7":0,"8":0,"9":0,"10":0,"11":0,"12":0,"13":0,"14":0,"15":0,"16":0,"17":0,"18":0,"19":0,"20":0,"21":0,"22":0,"23":0,"24":0,"25":0,"26":0,"27":0,"28":0},"f":{"0":0,"1":0,"2":0,"3":0,"4":0,"5":0,"6":0,"7":0,"8":0,"9":0},"b":{"0":[0],"1":[0,0],"2":[0,0]}}
,"C:\\Users\\Ezequiel\\Desktop\\prueba\\Desafio\\desafio-dohacktech\\src\\hooks\\useDebounce.js": {"path":"C:\\Users\\Ezequiel\\Desktop\\prueba\\Desafio\\desafio-dohacktech\\src\\hooks\\useDebounce.js","statementMap":{"0":{"start":{"line":3,"column":20},"end":{"line":17,"column":1}},"1":{"start":{"line":4,"column":46},"end":{"line":4,"column":61}},"2":{"start":{"line":6,"column":2},"end":{"line":14,"column":21}},"3":{"start":{"line":7,"column":20},"end":{"line":9,"column":13}},"4":{"start":{"line":8,"column":6},"end":{"line":8,"column":31}},"5":{"start":{"line":11,"column":4},"end":{"line":13,"column":6}},"6":{"start":{"line":12,"column":6},"end":{"line":12,"column":28}},"7":{"start":{"line":16,"column":2},"end":{"line":16,"column":24}}},"fnMap":{"0":{"name":"(anonymous_0)","decl":{"start":{"line":3,"column":20},"end":{"line":3,"column":21}},"loc":{"start":{"line":3,"column":38},"end":{"line":17,"column":1}},"line":3},"1":{"name":"(anonymous_1)","decl":{"start":{"line":6,"column":12},"end":{"line":6,"column":13}},"loc":{"start":{"line":6,"column":18},"end":{"line":14,"column":3}},"line":6},"2":{"name":"(anonymous_2)","decl":{"start":{"line":7,"column":31},"end":{"line":7,"column":32}},"loc":{"start":{"line":7,"column":37},"end":{"line":9,"column":5}},"line":7},"3":{"name":"(anonymous_3)","decl":{"start":{"line":11,"column":11},"end":{"line":11,"column":12}},"loc":{"start":{"line":11,"column":17},"end":{"line":13,"column":5}},"line":11}},"branchMap":{},"s":{"0":0,"1":0,"2":0,"3":0,"4":0,"5":0,"6":0,"7":0},"f":{"0":0,"1":0,"2":0,"3":0},"b":{}}
,"C:\\Users\\Ezequiel\\Desktop\\prueba\\Desafio\\desafio-dohacktech\\src\\screens\\CharacterDetailScreen.js": {"path":"C:\\Users\\Ezequiel\\Desktop\\prueba\\Desafio\\desafio-dohacktech\\src\\screens\\CharacterDetailScreen.js","statementMap":{"0":{"start":{"line":8,"column":30},"end":{"line":58,"column":1}},"1":{"start":{"line":9,"column":16},"end":{"line":9,"column":26}},"2":{"start":{"line":10,"column":26},"end":{"line":10,"column":38}},"3":{"start":{"line":11,"column":24},"end":{"line":11,"column":36}},"4":{"start":{"line":12,"column":50},"end":{"line":12,"column":64}},"5":{"start":{"line":17,"column":23},"end":{"line":35,"column":30}},"6":{"start":{"line":18,"column":4},"end":{"line":18,"column":20}},"7":{"start":{"line":20,"column":4},"end":{"line":34,"column":5}},"8":{"start":{"line":21,"column":22},"end":{"line":21,"column":62}},"9":{"start":{"line":24,"column":24},"end":{"line":27,"column":14}},"10":{"start":{"line":25,"column":8},"end":{"line":25,"column":37}},"11":{"start":{"line":26,"column":8},"end":{"line":26,"column":25}},"12":{"start":{"line":30,"column":6},"end":{"line":30,"column":43}},"13":{"start":{"line":30,"column":19},"end":{"line":30,"column":42}},"14":{"start":{"line":32,"column":6},"end":{"line":32,"column":64}},"15":{"start":{"line":33,"column":6},"end":{"line":33,"column":23}},"16":{"start":{"line":41,"column":2},"end":{"line":43,"column":21}},"17":{"start":{"line":42,"column":4},"end":{"line":42,"column":19}},"18":{"start":{"line":49,"column":30},"end":{"line":51,"column":24}},"19":{"start":{"line":50,"column":4},"end":{"line":50,"column":56}},"20":{"start":{"line":53,"column":2},"end":{"line":57,"column":4}},"21":{"start":{"line":60,"column":15},"end":{"line":67,"column":2}}},"fnMap":{"0":{"name":"(anonymous_0)","decl":{"start":{"line":8,"column":30},"end":{"line":8,"column":31}},"loc":{"start":{"line":8,"column":36},"end":{"line":58,"column":1}},"line":8},"1":{"name":"(anonymous_1)","decl":{"start":{"line":17,"column":35},"end":{"line":17,"column":36}},"loc":{"start":{"line":17,"column":47},"end":{"line":35,"column":3}},"line":17},"2":{"name":"(anonymous_2)","decl":{"start":{"line":24,"column":35},"end":{"line":24,"column":36}},"loc":{"start":{"line":24,"column":41},"end":{"line":27,"column":7}},"line":24},"3":{"name":"(anonymous_3)","decl":{"start":{"line":30,"column":13},"end":{"line":30,"column":14}},"loc":{"start":{"line":30,"column":19},"end":{"line":30,"column":42}},"line":30},"4":{"name":"(anonymous_4)","decl":{"start":{"line":41,"column":12},"end":{"line":41,"column":13}},"loc":{"start":{"line":41,"column":18},"end":{"line":43,"column":3}},"line":41},"5":{"name":"(anonymous_5)","decl":{"start":{"line":49,"column":38},"end":{"line":49,"column":39}},"loc":{"start":{"line":50,"column":4},"end":{"line":50,"column":56}},"line":50}},"branchMap":{},"s":{"0":0,"1":0,"2":0,"3":0,"4":0,"5":0,"6":0,"7":0,"8":0,"9":0,"10":0,"11":0,"12":0,"13":0,"14":0,"15":0,"16":0,"17":0,"18":0,"19":0,"20":0,"21":0},"f":{"0":0,"1":0,"2":0,"3":0,"4":0,"5":0},"b":{}}
,"C:\\Users\\Ezequiel\\Desktop\\prueba\\Desafio\\desafio-dohacktech\\src\\screens\\EpisodeDetailScreen.js": {"path":"C:\\Users\\Ezequiel\\Desktop\\prueba\\Desafio\\desafio-dohacktech\\src\\screens\\EpisodeDetailScreen.js","statementMap":{"0":{"start":{"line":7,"column":28},"end":{"line":61,"column":1}},"1":{"start":{"line":8,"column":24},"end":{"line":8,"column":36}},"2":{"start":{"line":9,"column":24},"end":{"line":9,"column":36}},"3":{"start":{"line":10,"column":32},"end":{"line":10,"column":46}},"4":{"start":{"line":11,"column":38},"end":{"line":11,"column":50}},"5":{"start":{"line":17,"column":30},"end":{"line":38,"column":28}},"6":{"start":{"line":18,"column":4},"end":{"line":18,"column":20}},"7":{"start":{"line":19,"column":4},"end":{"line":37,"column":5}},"8":{"start":{"line":20,"column":19},"end":{"line":20,"column":53}},"9":{"start":{"line":22,"column":32},"end":{"line":22,"column":72}},"10":{"start":{"line":23,"column":28},"end":{"line":23,"column":64}},"11":{"start":{"line":26,"column":24},"end":{"line":30,"column":14}},"12":{"start":{"line":27,"column":8},"end":{"line":27,"column":25}},"13":{"start":{"line":28,"column":8},"end":{"line":28,"column":37}},"14":{"start":{"line":29,"column":8},"end":{"line":29,"column":25}},"15":{"start":{"line":33,"column":6},"end":{"line":33,"column":43}},"16":{"start":{"line":33,"column":19},"end":{"line":33,"column":42}},"17":{"start":{"line":35,"column":6},"end":{"line":35,"column":62}},"18":{"start":{"line":36,"column":6},"end":{"line":36,"column":23}},"19":{"start":{"line":44,"column":2},"end":{"line":46,"column":28}},"20":{"start":{"line":45,"column":4},"end":{"line":45,"column":26}},"21":{"start":{"line":52,"column":33},"end":{"line":54,"column":27}},"22":{"start":{"line":53,"column":4},"end":{"line":53,"column":63}},"23":{"start":{"line":56,"column":2},"end":{"line":60,"column":4}},"24":{"start":{"line":63,"column":15},"end":{"line":68,"column":2}}},"fnMap":{"0":{"name":"(anonymous_0)","decl":{"start":{"line":7,"column":28},"end":{"line":7,"column":29}},"loc":{"start":{"line":7,"column":43},"end":{"line":61,"column":1}},"line":7},"1":{"name":"(anonymous_1)","decl":{"start":{"line":17,"column":42},"end":{"line":17,"column":43}},"loc":{"start":{"line":17,"column":54},"end":{"line":38,"column":3}},"line":17},"2":{"name":"(anonymous_2)","decl":{"start":{"line":26,"column":35},"end":{"line":26,"column":36}},"loc":{"start":{"line":26,"column":41},"end":{"line":30,"column":7}},"line":26},"3":{"name":"(anonymous_3)","decl":{"start":{"line":33,"column":13},"end":{"line":33,"column":14}},"loc":{"start":{"line":33,"column":19},"end":{"line":33,"column":42}},"line":33},"4":{"name":"(anonymous_4)","decl":{"start":{"line":44,"column":12},"end":{"line":44,"column":13}},"loc":{"start":{"line":44,"column":18},"end":{"line":46,"column":3}},"line":44},"5":{"name":"(anonymous_5)","decl":{"start":{"line":52,"column":41},"end":{"line":52,"column":42}},"loc":{"start":{"line":53,"column":4},"end":{"line":53,"column":63}},"line":53}},"branchMap":{},"s":{"0":0,"1":0,"2":0,"3":0,"4":0,"5":0,"6":0,"7":0,"8":0,"9":0,"10":0,"11":0,"12":0,"13":0,"14":0,"15":0,"16":0,"17":0,"18":0,"19":0,"20":0,"21":0,"22":0,"23":0,"24":0},"f":{"0":0,"1":0,"2":0,"3":0,"4":0,"5":0},"b":{}}
,"C:\\Users\\Ezequiel\\Desktop\\prueba\\Desafio\\desafio-dohacktech\\src\\screens\\FavoriteCharactersScreen.js": {"path":"C:\\Users\\Ezequiel\\Desktop\\prueba\\Desafio\\desafio-dohacktech\\src\\screens\\FavoriteCharactersScreen.js","statementMap":{"0":{"start":{"line":8,"column":33},"end":{"line":59,"column":1}},"1":{"start":{"line":9,"column":54},"end":{"line":9,"column":66}},"2":{"start":{"line":15,"column":24},"end":{"line":29,"column":8}},"3":{"start":{"line":16,"column":4},"end":{"line":28,"column":5}},"4":{"start":{"line":17,"column":28},"end":{"line":17,"column":67}},"5":{"start":{"line":18,"column":27},"end":{"line":18,"column":89}},"6":{"start":{"line":20,"column":6},"end":{"line":25,"column":7}},"7":{"start":{"line":21,"column":33},"end":{"line":21,"column":74}},"8":{"start":{"line":22,"column":8},"end":{"line":22,"column":48}},"9":{"start":{"line":24,"column":8},"end":{"line":24,"column":34}},"10":{"start":{"line":27,"column":6},"end":{"line":27,"column":55}},"11":{"start":{"line":35,"column":2},"end":{"line":37,"column":22}},"12":{"start":{"line":36,"column":4},"end":{"line":36,"column":20}},"13":{"start":{"line":43,"column":18},"end":{"line":52,"column":26}},"14":{"start":{"line":44,"column":4},"end":{"line":51,"column":6}},"15":{"start":{"line":54,"column":2},"end":{"line":58,"column":4}},"16":{"start":{"line":61,"column":15},"end":{"line":67,"column":2}}},"fnMap":{"0":{"name":"(anonymous_0)","decl":{"start":{"line":8,"column":33},"end":{"line":8,"column":34}},"loc":{"start":{"line":8,"column":39},"end":{"line":59,"column":1}},"line":8},"1":{"name":"(anonymous_1)","decl":{"start":{"line":15,"column":36},"end":{"line":15,"column":37}},"loc":{"start":{"line":15,"column":48},"end":{"line":29,"column":3}},"line":15},"2":{"name":"(anonymous_2)","decl":{"start":{"line":35,"column":12},"end":{"line":35,"column":13}},"loc":{"start":{"line":35,"column":18},"end":{"line":37,"column":3}},"line":35},"3":{"name":"(anonymous_3)","decl":{"start":{"line":43,"column":26},"end":{"line":43,"column":27}},"loc":{"start":{"line":43,"column":32},"end":{"line":52,"column":3}},"line":43}},"branchMap":{"0":{"loc":{"start":{"line":18,"column":27},"end":{"line":18,"column":89}},"type":"cond-expr","locations":[{"start":{"line":18,"column":43},"end":{"line":18,"column":77}},{"start":{"line":18,"column":80},"end":{"line":18,"column":89}}],"line":18},"1":{"loc":{"start":{"line":20,"column":6},"end":{"line":25,"column":7}},"type":"if","locations":[{"start":{"line":20,"column":6},"end":{"line":25,"column":7}},{"start":{"line":23,"column":13},"end":{"line":25,"column":7}}],"line":20},"2":{"loc":{"start":{"line":44,"column":11},"end":{"line":51,"column":5}},"type":"cond-expr","locations":[{"start":{"line":45,"column":6},"end":{"line":45,"column":55}},{"start":{"line":47,"column":6},"end":{"line":50,"column":8}}],"line":44}},"s":{"0":0,"1":0,"2":0,"3":0,"4":0,"5":0,"6":0,"7":0,"8":0,"9":0,"10":0,"11":0,"12":0,"13":0,"14":0,"15":0,"16":0},"f":{"0":0,"1":0,"2":0,"3":0},"b":{"0":[0,0],"1":[0,0],"2":[0,0]}}
,"C:\\Users\\Ezequiel\\Desktop\\prueba\\Desafio\\desafio-dohacktech\\src\\screens\\HomeScreen.js": {"path":"C:\\Users\\Ezequiel\\Desktop\\prueba\\Desafio\\desafio-dohacktech\\src\\screens\\HomeScreen.js","statementMap":{"0":{"start":{"line":10,"column":19},"end":{"line":10,"column":65}},"1":{"start":{"line":10,"column":30},"end":{"line":10,"column":64}},"2":{"start":{"line":11,"column":18},"end":{"line":11,"column":63}},"3":{"start":{"line":11,"column":29},"end":{"line":11,"column":62}},"4":{"start":{"line":13,"column":19},"end":{"line":181,"column":1}},"5":{"start":{"line":14,"column":38},"end":{"line":14,"column":50}},"6":{"start":{"line":15,"column":26},"end":{"line":15,"column":37}},"7":{"start":{"line":16,"column":32},"end":{"line":16,"column":47}},"8":{"start":{"line":17,"column":38},"end":{"line":17,"column":49}},"9":{"start":{"line":18,"column":36},"end":{"line":18,"column":48}},"10":{"start":{"line":19,"column":40},"end":{"line":19,"column":54}},"11":{"start":{"line":20,"column":38},"end":{"line":20,"column":53}},"12":{"start":{"line":21,"column":52},"end":{"line":21,"column":67}},"13":{"start":{"line":22,"column":40},"end":{"line":22,"column":52}},"14":{"start":{"line":23,"column":32},"end":{"line":23,"column":44}},"15":{"start":{"line":24,"column":31},"end":{"line":24,"column":60}},"16":{"start":{"line":25,"column":25},"end":{"line":25,"column":62}},"17":{"start":{"line":30,"column":2},"end":{"line":32,"column":44}},"18":{"start":{"line":31,"column":4},"end":{"line":31,"column":56}},"19":{"start":{"line":38,"column":2},"end":{"line":48,"column":20}},"20":{"start":{"line":39,"column":36},"end":{"line":43,"column":6}},"21":{"start":{"line":40,"column":6},"end":{"line":42,"column":7}},"22":{"start":{"line":41,"column":8},"end":{"line":41,"column":32}},"23":{"start":{"line":45,"column":4},"end":{"line":47,"column":6}},"24":{"start":{"line":46,"column":6},"end":{"line":46,"column":39}},"25":{"start":{"line":54,"column":25},"end":{"line":71,"column":27}},"26":{"start":{"line":55,"column":4},"end":{"line":55,"column":69}},"27":{"start":{"line":55,"column":62},"end":{"line":55,"column":69}},"28":{"start":{"line":56,"column":4},"end":{"line":56,"column":21}},"29":{"start":{"line":58,"column":4},"end":{"line":70,"column":5}},"30":{"start":{"line":59,"column":19},"end":{"line":59,"column":72}},"31":{"start":{"line":60,"column":6},"end":{"line":60,"column":34}},"32":{"start":{"line":61,"column":6},"end":{"line":61,"column":26}},"33":{"start":{"line":62,"column":6},"end":{"line":62,"column":53}},"34":{"start":{"line":63,"column":6},"end":{"line":63,"column":23}},"35":{"start":{"line":64,"column":6},"end":{"line":64,"column":27}},"36":{"start":{"line":65,"column":6},"end":{"line":65,"column":27}},"37":{"start":{"line":67,"column":6},"end":{"line":67,"column":27}},"38":{"start":{"line":69,"column":6},"end":{"line":69,"column":24}},"39":{"start":{"line":76,"column":27},"end":{"line":82,"column":40}},"40":{"start":{"line":77,"column":4},"end":{"line":80,"column":5}},"41":{"start":{"line":78,"column":6},"end":{"line":78,"column":50}},"42":{"start":{"line":79,"column":6},"end":{"line":79,"column":13}},"43":{"start":{"line":81,"column":4},"end":{"line":81,"column":21}},"44":{"start":{"line":87,"column":28},"end":{"line":89,"column":8}},"45":{"start":{"line":88,"column":4},"end":{"line":88,"column":23}},"46":{"start":{"line":94,"column":19},"end":{"line":102,"column":51}},"47":{"start":{"line":95,"column":23},"end":{"line":95,"column":46}},"48":{"start":{"line":96,"column":4},"end":{"line":101,"column":5}},"49":{"start":{"line":97,"column":6},"end":{"line":97,"column":26}},"50":{"start":{"line":99,"column":6},"end":{"line":99,"column":50}},"51":{"start":{"line":100,"column":6},"end":{"line":100,"column":36}},"52":{"start":{"line":107,"column":25},"end":{"line":115,"column":12}},"53":{"start":{"line":108,"column":4},"end":{"line":114,"column":5}},"54":{"start":{"line":109,"column":6},"end":{"line":109,"column":30}},"55":{"start":{"line":110,"column":6},"end":{"line":110,"column":39}},"56":{"start":{"line":111,"column":6},"end":{"line":111,"column":34}},"57":{"start":{"line":113,"column":6},"end":{"line":113,"column":23}},"58":{"start":{"line":120,"column":32},"end":{"line":126,"column":12}},"59":{"start":{"line":121,"column":4},"end":{"line":121,"column":70}},"60":{"start":{"line":122,"column":4},"end":{"line":122,"column":34}},"61":{"start":{"line":123,"column":4},"end":{"line":123,"column":25}},"62":{"start":{"line":124,"column":4},"end":{"line":124,"column":24}},"63":{"start":{"line":125,"column":4},"end":{"line":125,"column":31}},"64":{"start":{"line":131,"column":29},"end":{"line":134,"column":8}},"65":{"start":{"line":132,"column":4},"end":{"line":132,"column":15}},"66":{"start":{"line":133,"column":4},"end":{"line":133,"column":25}},"67":{"start":{"line":139,"column":30},"end":{"line":141,"column":8}},"68":{"start":{"line":140,"column":4},"end":{"line":140,"column":24}},"69":{"start":{"line":147,"column":29},"end":{"line":151,"column":40}},"70":{"start":{"line":148,"column":4},"end":{"line":150,"column":6}},"71":{"start":{"line":149,"column":6},"end":{"line":149,"column":79}},"72":{"start":{"line":153,"column":2},"end":{"line":180,"column":4}},"73":{"start":{"line":183,"column":15},"end":{"line":188,"column":2}}},"fnMap":{"0":{"name":"(anonymous_0)","decl":{"start":{"line":10,"column":24},"end":{"line":10,"column":25}},"loc":{"start":{"line":10,"column":30},"end":{"line":10,"column":64}},"line":10},"1":{"name":"(anonymous_1)","decl":{"start":{"line":11,"column":23},"end":{"line":11,"column":24}},"loc":{"start":{"line":11,"column":29},"end":{"line":11,"column":62}},"line":11},"2":{"name":"(anonymous_2)","decl":{"start":{"line":13,"column":19},"end":{"line":13,"column":20}},"loc":{"start":{"line":13,"column":25},"end":{"line":181,"column":1}},"line":13},"3":{"name":"(anonymous_3)","decl":{"start":{"line":30,"column":12},"end":{"line":30,"column":13}},"loc":{"start":{"line":30,"column":18},"end":{"line":32,"column":3}},"line":30},"4":{"name":"(anonymous_4)","decl":{"start":{"line":38,"column":12},"end":{"line":38,"column":13}},"loc":{"start":{"line":38,"column":18},"end":{"line":48,"column":3}},"line":38},"5":{"name":"(anonymous_5)","decl":{"start":{"line":39,"column":76},"end":{"line":39,"column":77}},"loc":{"start":{"line":39,"column":82},"end":{"line":43,"column":5}},"line":39},"6":{"name":"(anonymous_6)","decl":{"start":{"line":45,"column":11},"end":{"line":45,"column":12}},"loc":{"start":{"line":45,"column":17},"end":{"line":47,"column":5}},"line":45},"7":{"name":"(anonymous_7)","decl":{"start":{"line":54,"column":37},"end":{"line":54,"column":38}},"loc":{"start":{"line":54,"column":91},"end":{"line":71,"column":3}},"line":54},"8":{"name":"(anonymous_8)","decl":{"start":{"line":76,"column":39},"end":{"line":76,"column":40}},"loc":{"start":{"line":76,"column":52},"end":{"line":82,"column":3}},"line":76},"9":{"name":"(anonymous_9)","decl":{"start":{"line":87,"column":40},"end":{"line":87,"column":41}},"loc":{"start":{"line":87,"column":50},"end":{"line":89,"column":3}},"line":87},"10":{"name":"(anonymous_10)","decl":{"start":{"line":94,"column":31},"end":{"line":94,"column":32}},"loc":{"start":{"line":94,"column":37},"end":{"line":102,"column":3}},"line":94},"11":{"name":"(anonymous_11)","decl":{"start":{"line":107,"column":37},"end":{"line":107,"column":38}},"loc":{"start":{"line":107,"column":50},"end":{"line":115,"column":3}},"line":107},"12":{"name":"(anonymous_12)","decl":{"start":{"line":120,"column":44},"end":{"line":120,"column":45}},"loc":{"start":{"line":120,"column":50},"end":{"line":126,"column":3}},"line":120},"13":{"name":"(anonymous_13)","decl":{"start":{"line":131,"column":41},"end":{"line":131,"column":42}},"loc":{"start":{"line":131,"column":51},"end":{"line":134,"column":3}},"line":131},"14":{"name":"(anonymous_14)","decl":{"start":{"line":139,"column":42},"end":{"line":139,"column":43}},"loc":{"start":{"line":139,"column":55},"end":{"line":141,"column":3}},"line":139},"15":{"name":"(anonymous_15)","decl":{"start":{"line":147,"column":37},"end":{"line":147,"column":38}},"loc":{"start":{"line":147,"column":43},"end":{"line":151,"column":3}},"line":147},"16":{"name":"(anonymous_16)","decl":{"start":{"line":148,"column":29},"end":{"line":148,"column":30}},"loc":{"start":{"line":149,"column":6},"end":{"line":149,"column":79}},"line":149}},"branchMap":{"0":{"loc":{"start":{"line":40,"column":6},"end":{"line":42,"column":7}},"type":"if","locations":[{"start":{"line":40,"column":6},"end":{"line":42,"column":7}},{"start":{},"end":{}}],"line":40},"1":{"loc":{"start":{"line":54,"column":56},"end":{"line":54,"column":72}},"type":"default-arg","locations":[{"start":{"line":54,"column":70},"end":{"line":54,"column":72}}],"line":54},"2":{"loc":{"start":{"line":54,"column":74},"end":{"line":54,"column":86}},"type":"default-arg","locations":[{"start":{"line":54,"column":84},"end":{"line":54,"column":86}}],"line":54},"3":{"loc":{"start":{"line":55,"column":4},"end":{"line":55,"column":69}},"type":"if","locations":[{"start":{"line":55,"column":4},"end":{"line":55,"column":69}},{"start":{},"end":{}}],"line":55},"4":{"loc":{"start":{"line":55,"column":8},"end":{"line":55,"column":60}},"type":"binary-expr","locations":[{"start":{"line":55,"column":8},"end":{"line":55,"column":15}},{"start":{"line":55,"column":19},"end":{"line":55,"column":33}},{"start":{"line":55,"column":37},"end":{"line":55,"column":60}}],"line":55},"5":{"loc":{"start":{"line":77,"column":4},"end":{"line":80,"column":5}},"type":"if","locations":[{"start":{"line":77,"column":4},"end":{"line":80,"column":5}},{"start":{},"end":{}}],"line":77},"6":{"loc":{"start":{"line":77,"column":8},"end":{"line":77,"column":63}},"type":"binary-expr","locations":[{"start":{"line":77,"column":8},"end":{"line":77,"column":19}},{"start":{"line":77,"column":23},"end":{"line":77,"column":43}},{"start":{"line":77,"column":47},"end":{"line":77,"column":63}}],"line":77},"7":{"loc":{"start":{"line":96,"column":4},"end":{"line":101,"column":5}},"type":"if","locations":[{"start":{"line":96,"column":4},"end":{"line":101,"column":5}},{"start":{"line":98,"column":11},"end":{"line":101,"column":5}}],"line":96},"8":{"loc":{"start":{"line":96,"column":8},"end":{"line":96,"column":72}},"type":"binary-expr","locations":[{"start":{"line":96,"column":8},"end":{"line":96,"column":26}},{"start":{"line":96,"column":30},"end":{"line":96,"column":44}},{"start":{"line":96,"column":48},"end":{"line":96,"column":72}}],"line":96},"9":{"loc":{"start":{"line":108,"column":4},"end":{"line":114,"column":5}},"type":"if","locations":[{"start":{"line":108,"column":4},"end":{"line":114,"column":5}},{"start":{"line":112,"column":11},"end":{"line":114,"column":5}}],"line":108}},"s":{"0":0,"1":0,"2":0,"3":0,"4":0,"5":0,"6":0,"7":0,"8":0,"9":0,"10":0,"11":0,"12":0,"13":0,"14":0,"15":0,"16":0,"17":0,"18":0,"19":0,"20":0,"21":0,"22":0,"23":0,"24":0,"25":0,"26":0,"27":0,"28":0,"29":0,"30":0,"31":0,"32":0,"33":0,"34":0,"35":0,"36":0,"37":0,"38":0,"39":0,"40":0,"41":0,"42":0,"43":0,"44":0,"45":0,"46":0,"47":0,"48":0,"49":0,"50":0,"51":0,"52":0,"53":0,"54":0,"55":0,"56":0,"57":0,"58":0,"59":0,"60":0,"61":0,"62":0,"63":0,"64":0,"65":0,"66":0,"67":0,"68":0,"69":0,"70":0,"71":0,"72":0,"73":0},"f":{"0":0,"1":0,"2":0,"3":0,"4":0,"5":0,"6":0,"7":0,"8":0,"9":0,"10":0,"11":0,"12":0,"13":0,"14":0,"15":0,"16":0},"b":{"0":[0,0],"1":[0],"2":[0],"3":[0,0],"4":[0,0,0],"5":[0,0],"6":[0,0,0],"7":[0,0],"8":[0,0,0],"9":[0,0]}}
,"C:\\Users\\Ezequiel\\Desktop\\prueba\\Desafio\\desafio-dohacktech\\src\\services\\CharacterService.js": {"path":"C:\\Users\\Ezequiel\\Desktop\\prueba\\Desafio\\desafio-dohacktech\\src\\services\\CharacterService.js","statementMap":{"0":{"start":{"line":3,"column":16},"end":{"line":3,"column":59}},"1":{"start":{"line":5,"column":29},"end":{"line":19,"column":3}},"2":{"start":{"line":6,"column":4},"end":{"line":18,"column":5}},"3":{"start":{"line":7,"column":23},"end":{"line":13,"column":8}},"4":{"start":{"line":14,"column":6},"end":{"line":14,"column":27}},"5":{"start":{"line":16,"column":6},"end":{"line":16,"column":27}},"6":{"start":{"line":17,"column":6},"end":{"line":17,"column":18}},"7":{"start":{"line":20,"column":39},"end":{"line":23,"column":3}},"8":{"start":{"line":21,"column":21},"end":{"line":21,"column":65}},"9":{"start":{"line":22,"column":4},"end":{"line":22,"column":25}},"10":{"start":{"line":25,"column":32},"end":{"line":33,"column":3}},"11":{"start":{"line":26,"column":21},"end":{"line":26,"column":50}},"12":{"start":{"line":27,"column":23},"end":{"line":27,"column":44}},"13":{"start":{"line":29,"column":20},"end":{"line":29,"column":80}},"14":{"start":{"line":29,"column":60},"end":{"line":29,"column":77}},"15":{"start":{"line":30,"column":19},"end":{"line":30,"column":78}},"16":{"start":{"line":30,"column":59},"end":{"line":30,"column":75}},"17":{"start":{"line":32,"column":4},"end":{"line":32,"column":31}},"18":{"start":{"line":35,"column":34},"end":{"line":47,"column":3}},"19":{"start":{"line":36,"column":4},"end":{"line":38,"column":5}},"20":{"start":{"line":37,"column":6},"end":{"line":37,"column":16}},"21":{"start":{"line":40,"column":4},"end":{"line":46,"column":5}},"22":{"start":{"line":41,"column":23},"end":{"line":41,"column":69}},"23":{"start":{"line":42,"column":6},"end":{"line":42,"column":76}},"24":{"start":{"line":44,"column":6},"end":{"line":44,"column":64}},"25":{"start":{"line":45,"column":6},"end":{"line":45,"column":16}}},"fnMap":{"0":{"name":"(anonymous_0)","decl":{"start":{"line":5,"column":29},"end":{"line":5,"column":30}},"loc":{"start":{"line":5,"column":77},"end":{"line":19,"column":3}},"line":5},"1":{"name":"(anonymous_1)","decl":{"start":{"line":20,"column":39},"end":{"line":20,"column":40}},"loc":{"start":{"line":20,"column":62},"end":{"line":23,"column":3}},"line":20},"2":{"name":"(anonymous_2)","decl":{"start":{"line":25,"column":32},"end":{"line":25,"column":33}},"loc":{"start":{"line":25,"column":44},"end":{"line":33,"column":3}},"line":25},"3":{"name":"(anonymous_3)","decl":{"start":{"line":29,"column":47},"end":{"line":29,"column":48}},"loc":{"start":{"line":29,"column":60},"end":{"line":29,"column":77}},"line":29},"4":{"name":"(anonymous_4)","decl":{"start":{"line":30,"column":46},"end":{"line":30,"column":47}},"loc":{"start":{"line":30,"column":59},"end":{"line":30,"column":75}},"line":30},"5":{"name":"(anonymous_5)","decl":{"start":{"line":35,"column":34},"end":{"line":35,"column":35}},"loc":{"start":{"line":35,"column":49},"end":{"line":47,"column":3}},"line":35}},"branchMap":{"0":{"loc":{"start":{"line":5,"column":42},"end":{"line":5,"column":58}},"type":"default-arg","locations":[{"start":{"line":5,"column":56},"end":{"line":5,"column":58}}],"line":5},"1":{"loc":{"start":{"line":5,"column":60},"end":{"line":5,"column":72}},"type":"default-arg","locations":[{"start":{"line":5,"column":70},"end":{"line":5,"column":72}}],"line":5},"2":{"loc":{"start":{"line":36,"column":4},"end":{"line":38,"column":5}},"type":"if","locations":[{"start":{"line":36,"column":4},"end":{"line":38,"column":5}},{"start":{},"end":{}}],"line":36},"3":{"loc":{"start":{"line":36,"column":8},"end":{"line":36,"column":32}},"type":"binary-expr","locations":[{"start":{"line":36,"column":8},"end":{"line":36,"column":12}},{"start":{"line":36,"column":16},"end":{"line":36,"column":32}}],"line":36},"4":{"loc":{"start":{"line":42,"column":13},"end":{"line":42,"column":75}},"type":"cond-expr","locations":[{"start":{"line":42,"column":44},"end":{"line":42,"column":57}},{"start":{"line":42,"column":60},"end":{"line":42,"column":75}}],"line":42}},"s":{"0":1,"1":1,"2":0,"3":0,"4":0,"5":0,"6":0,"7":1,"8":0,"9":0,"10":1,"11":9,"12":0,"13":0,"14":0,"15":0,"16":0,"17":0,"18":1,"19":0,"20":0,"21":0,"22":0,"23":0,"24":0,"25":0},"f":{"0":0,"1":0,"2":9,"3":0,"4":0,"5":0},"b":{"0":[0],"1":[0],"2":[0,0],"3":[0,0],"4":[0,0]},"_coverageSchema":"1a1c01bbd47fc00a2c39e90264f33305004495a9","hash":"07d522c9f2bc7fc85283cd0e0c4adc7fcd443174"}
,"C:\\Users\\Ezequiel\\Desktop\\prueba\\Desafio\\desafio-dohacktech\\src\\services\\EpisodeServices.js": {"path":"C:\\Users\\Ezequiel\\Desktop\\prueba\\Desafio\\desafio-dohacktech\\src\\services\\EpisodeServices.js","statementMap":{"0":{"start":{"line":3,"column":17},"end":{"line":3,"column":50}},"1":{"start":{"line":5,"column":33},"end":{"line":13,"column":1}},"2":{"start":{"line":6,"column":2},"end":{"line":12,"column":3}},"3":{"start":{"line":7,"column":21},"end":{"line":7,"column":72}},"4":{"start":{"line":8,"column":4},"end":{"line":8,"column":25}},"5":{"start":{"line":10,"column":4},"end":{"line":10,"column":60}},"6":{"start":{"line":11,"column":4},"end":{"line":11,"column":16}},"7":{"start":{"line":15,"column":35},"end":{"line":23,"column":1}},"8":{"start":{"line":16,"column":2},"end":{"line":22,"column":3}},"9":{"start":{"line":17,"column":21},"end":{"line":17,"column":50}},"10":{"start":{"line":18,"column":4},"end":{"line":18,"column":25}},"11":{"start":{"line":20,"column":4},"end":{"line":20,"column":62}},"12":{"start":{"line":21,"column":4},"end":{"line":21,"column":16}}},"fnMap":{"0":{"name":"(anonymous_0)","decl":{"start":{"line":5,"column":33},"end":{"line":5,"column":34}},"loc":{"start":{"line":5,"column":54},"end":{"line":13,"column":1}},"line":5},"1":{"name":"(anonymous_1)","decl":{"start":{"line":15,"column":35},"end":{"line":15,"column":36}},"loc":{"start":{"line":15,"column":59},"end":{"line":23,"column":1}},"line":15}},"branchMap":{},"s":{"0":0,"1":0,"2":0,"3":0,"4":0,"5":0,"6":0,"7":0,"8":0,"9":0,"10":0,"11":0,"12":0},"f":{"0":0,"1":0},"b":{}}
,"C:\\Users\\Ezequiel\\Desktop\\prueba\\Desafio\\desafio-dohacktech\\src\\services\\FavoritesService.js": {"path":"C:\\Users\\Ezequiel\\Desktop\\prueba\\Desafio\\desafio-dohacktech\\src\\services\\FavoritesService.js","statementMap":{"0":{"start":{"line":4,"column":37},"end":{"line":16,"column":1}},"1":{"start":{"line":5,"column":2},"end":{"line":7,"column":3}},"2":{"start":{"line":6,"column":4},"end":{"line":6,"column":14}},"3":{"start":{"line":9,"column":2},"end":{"line":15,"column":3}},"4":{"start":{"line":10,"column":23},"end":{"line":10,"column":72}},"5":{"start":{"line":11,"column":4},"end":{"line":11,"column":22}},"6":{"start":{"line":13,"column":4},"end":{"line":13,"column":64}},"7":{"start":{"line":14,"column":4},"end":{"line":14,"column":14}}},"fnMap":{"0":{"name":"(anonymous_0)","decl":{"start":{"line":4,"column":37},"end":{"line":4,"column":38}},"loc":{"start":{"line":4,"column":60},"end":{"line":16,"column":1}},"line":4}},"branchMap":{"0":{"loc":{"start":{"line":5,"column":2},"end":{"line":7,"column":3}},"type":"if","locations":[{"start":{"line":5,"column":2},"end":{"line":7,"column":3}},{"start":{},"end":{}}],"line":5},"1":{"loc":{"start":{"line":5,"column":6},"end":{"line":5,"column":44}},"type":"binary-expr","locations":[{"start":{"line":5,"column":6},"end":{"line":5,"column":18}},{"start":{"line":5,"column":22},"end":{"line":5,"column":44}}],"line":5}},"s":{"0":0,"1":0,"2":0,"3":0,"4":0,"5":0,"6":0,"7":0},"f":{"0":0},"b":{"0":[0,0],"1":[0,0]}}
}
